TN:
SF:contracts/Forwarder.sol
FN:35,Forwarder.
FNDA:16,Forwarder.
DA:36,8
DA:36,8
FN:39,Forwarder.getNonce
FNDA:3,Forwarder.getNonce
DA:40,3
DA:40,3
FN:43,Forwarder.verify
FNDA:1,Forwarder.verify
DA:47,2
DA:47,2
DA:47,2
DA:60,2
DA:60,2
DA:60,2
DA:60,2
DA:60,2
FN:63,Forwarder.execute
FNDA:1,Forwarder.execute
DA:67,1
DA:67,1
BRDA:67,0,0,-
BRDA:67,0,1,1
DA:71,1
DA:71,1
DA:73,1
DA:73,1
DA:73,1
DA:79,1
DA:79,1
BRDA:79,1,0,-
BRDA:79,1,1,1
DA:81,1
DA:81,1
DA:82,1
DA:82,1
FN:85,Forwarder.supportsInterface
FNDA:0,Forwarder.supportsInterface
DA:88,0
DA:88,0
DA:89,0
DA:89,0
DA:89,0
DA:90,0
DA:90,0
FNF:5
FNH:4
LF:13
LH:10
BRF:4
BRH:2
end_of_record
TN:
SF:contracts/GenericTokenMeta.sol
FN:34,GenericTokenMeta.
FNDA:0,GenericTokenMeta.
DA:44,0
DA:44,0
FN:55,GenericTokenMeta.pause
FNDA:2,GenericTokenMeta.pause
DA:56,2
DA:56,2
FN:67,GenericTokenMeta.unpause
FNDA:1,GenericTokenMeta.unpause
DA:68,1
DA:68,1
FN:84,GenericTokenMeta.mint
FNDA:6,GenericTokenMeta.mint
DA:85,5
DA:85,5
FN:101,GenericTokenMeta.burn
FNDA:2,GenericTokenMeta.burn
DA:102,2
DA:102,2
FN:105,GenericTokenMeta._msgSender
FNDA:15,GenericTokenMeta._msgSender
DA:111,15
DA:111,15
FN:114,GenericTokenMeta._msgData
FNDA:0,GenericTokenMeta._msgData
DA:120,0
DA:120,0
DA:120,0
FN:123,GenericTokenMeta.msgData
FNDA:0,GenericTokenMeta.msgData
DA:124,0
DA:124,0
DA:124,0
FN:137,GenericTokenMeta._update
FNDA:8,GenericTokenMeta._update
DA:142,8
DA:142,8
FN:145,GenericTokenMeta._contextSuffixLength
FNDA:15,GenericTokenMeta._contextSuffixLength
DA:151,15
DA:151,15
DA:151,15
FNF:10
FNH:7
LF:10
LH:7
BRF:0
BRH:0
end_of_record
